<?xml version="1.0" encoding="UTF-8"?>
<!-- Generated by org.testng.reporters.JUnitXMLReporter -->
<testsuite ignored="3" hostname="DESKTOP-7ARKDEF" failures="0" tests="1" name="Guru99 Test Case" time="7.595" errors="0" timestamp="16 Sep. 2020 11:50:54 GMT">
  <testcase classname="com.guru99.qa.testcases.LoginPageTest" name="@BeforeMethod setUp" time="7.528">
    <failure type="java.lang.IllegalMonitorStateException">
      <![CDATA[java.lang.IllegalMonitorStateException
at java.base/java.lang.Object.wait(Native Method)
at com.guru99.qa.base.TestBase.initialization(TestBase.java:54)
at com.guru99.qa.testcases.LoginPageTest.setUp(LoginPageTest.java:23)
... Removed 28 stack frames]]>
    </failure>
  </testcase> <!-- @BeforeMethod setUp -->
  <testcase classname="com.guru99.qa.testcases.LoginPageTest" name="@AfterMethod tearDown" time="0.0">
    <skipped/>
  </testcase> <!-- @AfterMethod tearDown -->
  <testcase classname="com.guru99.qa.testcases.LoginPageTest" name="loginTest" time="0.0">
    <skipped/>
  </testcase> <!-- loginTest -->
  <testcase classname="com.guru99.qa.testcases.LoginPageTest" name="loginPageTitleTest" time="0.0">
    <ignored/>
  </testcase> <!-- loginPageTitleTest -->
  <testcase classname="com.guru99.qa.testcases.LoginPageTest" name="guru99LogoImageTest" time="0.0">
    <ignored/>
  </testcase> <!-- guru99LogoImageTest -->
  <testcase classname="com.guru99.qa.testcases.LoginPageTest" name="hereLinkTest" time="0.0">
    <ignored/>
  </testcase> <!-- hereLinkTest -->
</testsuite> <!-- Guru99 Test Case -->
