<?xml version="1.0" encoding="UTF-8"?>
<!-- Generated by org.testng.reporters.JUnitXMLReporter -->
<testsuite ignored="0" hostname="DESKTOP-7ARKDEF" failures="0" tests="4" name="Gurur99" time="134.624" errors="0" timestamp="14 Sep. 2020 19:04:26 GMT">
  <testcase classname="com.guru99.qa.testcases.LoginPageTest" name="loginPageTitleTest" time="0.118"/>
  <testcase classname="com.guru99.qa.testcases.LoginPageTest" name="guru99LogoImageTest" time="0.576"/>
  <testcase classname="com.guru99.qa.testcases.LoginPageTest" name="loginTest" time="17.306"/>
  <testcase classname="com.guru99.qa.testcases.LoginPageTest" name="hereLinkTest" time="0.057"/>
</testsuite> <!-- Gurur99 -->
