<?xml version="1.0" encoding="UTF-8"?>
<!-- Generated by org.testng.reporters.JUnitXMLReporter -->
<testsuite ignored="0" hostname="DESKTOP-7ARKDEF" failures="0" tests="3" name="Test" time="29.684" errors="0" timestamp="14 Sep. 2020 02:03:43 GMT">
  <testcase classname="com.guru99.qa.testcases.HomePageTest" name="verifyHomePageTitleTest" time="0.043"/>
  <testcase classname="com.guru99.qa.testcases.LoginPageTest" name="loginPageTitleTest" time="0.011"/>
  <testcase classname="com.guru99.qa.testcases.NewCustomerPageTest" name="verifyAddNewCustomerImageTest" time="0.046"/>
</testsuite> <!-- Test -->
